
Found no records to use for estimating the insert size. Will assume
single end sequencing data and calculate deletion probabilities without
considering the insert size.

If your data should be paired end, please consider manually providing
--alignment-properties, e.g. computed with `samtools stats`. Also,
the following counts of unusable records might indicate a source of
this problem:

- I, D, S or H CIGAR operation: 0
- S CIGAR (soft clip, e.g. due to UMIs or adapters): 0

In addition, 16126 records were skipped in the estimation for one
of the following reasons:
- not paired
- not the first segment with regard to the template sequence
- mapping quality of 0
- marked as a duplicate
- mate mapped to different template (e.g. different chromosome)
- failed some quality check according to the 512 SAM flag
- mate unmapped
- record unmapped

100 records processed.
200 records processed.
300 records processed.
400 records processed.
500 records processed.
600 records processed.
700 records processed.
800 records processed.
900 records processed.
1000 records processed.
1100 records processed.
1200 records processed.
1300 records processed.
1400 records processed.
1500 records processed.
1600 records processed.
1700 records processed.
1800 records processed.
1900 records processed.
2000 records processed.
2100 records processed.
2200 records processed.
2300 records processed.
2400 records processed.
2500 records processed.
2600 records processed.
2700 records processed.
2800 records processed.
2900 records processed.
3000 records processed.
3100 records processed.
3200 records processed.
3300 records processed.
3400 records processed.
3500 records processed.
3600 records processed.
3700 records processed.
3800 records processed.
3900 records processed.
4000 records processed.
4100 records processed.
4200 records processed.
4300 records processed.
4400 records processed.
4500 records processed.
4600 records processed.
4700 records processed.
4800 records processed.
4900 records processed.
5000 records processed.
5100 records processed.
5200 records processed.
5300 records processed.
5400 records processed.
5500 records processed.
5600 records processed.
5700 records processed.
5800 records processed.
5900 records processed.
6000 records processed.
6100 records processed.
6200 records processed.
6300 records processed.
6400 records processed.
6500 records processed.
6600 records processed.
6700 records processed.
6800 records processed.
6900 records processed.
7000 records processed.
7100 records processed.
7200 records processed.
7300 records processed.
7400 records processed.
7500 records processed.
7600 records processed.
7700 records processed.
7800 records processed.
7900 records processed.
8000 records processed.
8100 records processed.
8200 records processed.
8300 records processed.
8400 records processed.
8500 records processed.
8600 records processed.
8700 records processed.
8800 records processed.
8900 records processed.
9000 records processed.
9100 records processed.
9200 records processed.
9300 records processed.
9400 records processed.
9500 records processed.
9600 records processed.
9700 records processed.
9800 records processed.
9900 records processed.
10000 records processed.
10100 records processed.
10200 records processed.
10300 records processed.
10400 records processed.
10500 records processed.
10600 records processed.
10700 records processed.
10800 records processed.
10900 records processed.
11000 records processed.
11100 records processed.
11200 records processed.
11300 records processed.
11400 records processed.
11500 records processed.
11600 records processed.
11700 records processed.
11800 records processed.
11900 records processed.
12000 records processed.
12100 records processed.
12200 records processed.
12300 records processed.
12400 records processed.
12500 records processed.
12600 records processed.
12700 records processed.
12800 records processed.
12900 records processed.
13000 records processed.
13100 records processed.
13200 records processed.
13300 records processed.
13400 records processed.
13500 records processed.
13600 records processed.
13700 records processed.
13800 records processed.
13900 records processed.
14000 records processed.
14100 records processed.
14200 records processed.
14300 records processed.
14400 records processed.
14500 records processed.
14600 records processed.
14700 records processed.
14800 records processed.
14900 records processed.
15000 records processed.
15100 records processed.
15200 records processed.
15300 records processed.
15400 records processed.
15500 records processed.
15600 records processed.
15700 records processed.
15800 records processed.
15900 records processed.
16000 records processed.
16100 records processed.
16200 records processed.
16300 records processed.
16400 records processed.
16500 records processed.
16600 records processed.
16700 records processed.
16800 records processed.
16900 records processed.
17000 records processed.
17100 records processed.
17200 records processed.
17300 records processed.
17400 records processed.
17500 records processed.
17600 records processed.
17700 records processed.
17800 records processed.
17900 records processed.
18000 records processed.
18100 records processed.
18200 records processed.
18300 records processed.
18400 records processed.
18500 records processed.
18600 records processed.
18700 records processed.
18800 records processed.
18900 records processed.
19000 records processed.
19100 records processed.
19200 records processed.
19300 records processed.
19400 records processed.
19500 records processed.
19600 records processed.
19700 records processed.
19800 records processed.
19900 records processed.
20000 records processed.
20100 records processed.
20200 records processed.
20300 records processed.
20400 records processed.
20500 records processed.
20600 records processed.
20700 records processed.
20800 records processed.
20900 records processed.
21000 records processed.
21100 records processed.
21200 records processed.
21300 records processed.
21400 records processed.
21500 records processed.
21600 records processed.
21700 records processed.
21800 records processed.
21900 records processed.
22000 records processed.
22100 records processed.
22200 records processed.
22300 records processed.
22400 records processed.
22500 records processed.
22600 records processed.
22700 records processed.
22800 records processed.
22900 records processed.
23000 records processed.
23100 records processed.
23200 records processed.
23300 records processed.
23400 records processed.
23500 records processed.
23600 records processed.
23700 records processed.
23800 records processed.
23900 records processed.
24000 records processed.
24100 records processed.
24200 records processed.
24300 records processed.
24400 records processed.
24500 records processed.
24600 records processed.
24700 records processed.
24800 records processed.
24900 records processed.
25000 records processed.
25100 records processed.
25200 records processed.
25300 records processed.
25400 records processed.
25500 records processed.
25600 records processed.
25700 records processed.
25800 records processed.
25900 records processed.
26000 records processed.
26100 records processed.
26200 records processed.
26300 records processed.
26400 records processed.
26500 records processed.
26600 records processed.
26700 records processed.
26800 records processed.
26900 records processed.
27000 records processed.
27100 records processed.
27200 records processed.
27300 records processed.
27400 records processed.
27500 records processed.
27600 records processed.
27700 records processed.
27800 records processed.
27900 records processed.
28000 records processed.
28100 records processed.
28200 records processed.
28300 records processed.
28400 records processed.
28500 records processed.
28600 records processed.
28700 records processed.
28800 records processed.
28900 records processed.
29000 records processed.
29100 records processed.
29200 records processed.
29300 records processed.
29400 records processed.
29500 records processed.
29600 records processed.
29700 records processed.
29800 records processed.
29900 records processed.
30000 records processed.
30100 records processed.
30200 records processed.
30300 records processed.
30400 records processed.
30500 records processed.
30600 records processed.
30700 records processed.
30800 records processed.
30900 records processed.
31000 records processed.
31100 records processed.
31200 records processed.
31300 records processed.
31400 records processed.
31500 records processed.
31600 records processed.
31700 records processed.
31800 records processed.
31900 records processed.
32000 records processed.
32100 records processed.
32200 records processed.
32300 records processed.
32400 records processed.
32500 records processed.
32600 records processed.
32700 records processed.
32800 records processed.
32900 records processed.
33000 records processed.
33100 records processed.
33200 records processed.
33300 records processed.
33400 records processed.
33500 records processed.
33600 records processed.
33700 records processed.
33800 records processed.
33900 records processed.
34000 records processed.
34100 records processed.
34200 records processed.
34300 records processed.
34400 records processed.
34500 records processed.
34600 records processed.
34700 records processed.
34800 records processed.
34900 records processed.
35000 records processed.
35100 records processed.
35200 records processed.
35300 records processed.
35400 records processed.
35500 records processed.
35600 records processed.
35700 records processed.
35800 records processed.
35900 records processed.
36000 records processed.
36100 records processed.
36200 records processed.
36300 records processed.
36400 records processed.
36500 records processed.
36600 records processed.
36700 records processed.
36800 records processed.
36900 records processed.
37000 records processed.
37100 records processed.
37200 records processed.
37300 records processed.
37400 records processed.
37500 records processed.
37600 records processed.
37700 records processed.
37800 records processed.
37900 records processed.
38000 records processed.
38100 records processed.
38200 records processed.
38300 records processed.
38400 records processed.
38500 records processed.
38600 records processed.
38700 records processed.
38800 records processed.
38900 records processed.
39000 records processed.
39100 records processed.
39200 records processed.
39300 records processed.
39400 records processed.
39500 records processed.
39600 records processed.
39700 records processed.
39800 records processed.
39900 records processed.
40000 records processed.
40100 records processed.
40200 records processed.
40300 records processed.
40400 records processed.
40500 records processed.
40600 records processed.
40700 records processed.
40800 records processed.
40900 records processed.
41000 records processed.
41100 records processed.
41200 records processed.
41300 records processed.
41400 records processed.
41500 records processed.
41600 records processed.
41700 records processed.
41800 records processed.
41900 records processed.
42000 records processed.
42100 records processed.
42200 records processed.
42300 records processed.
42400 records processed.
42500 records processed.
42600 records processed.
42700 records processed.
42800 records processed.
42900 records processed.
43000 records processed.
43100 records processed.
43200 records processed.
43300 records processed.
43400 records processed.
43500 records processed.
43600 records processed.
43700 records processed.
43800 records processed.
43900 records processed.
44000 records processed.
44100 records processed.
44200 records processed.
44300 records processed.
44400 records processed.
44500 records processed.
44600 records processed.
44700 records processed.
44800 records processed.
44900 records processed.
45000 records processed.
45100 records processed.
45200 records processed.
45300 records processed.
45400 records processed.
45500 records processed.
45600 records processed.
45700 records processed.
45800 records processed.
45900 records processed.
46000 records processed.
46100 records processed.
46200 records processed.
46300 records processed.
46400 records processed.
46500 records processed.
46600 records processed.
46700 records processed.
46800 records processed.
46900 records processed.
47000 records processed.
47100 records processed.
47200 records processed.
47300 records processed.
47400 records processed.
47500 records processed.
47600 records processed.
47700 records processed.
47800 records processed.
47900 records processed.
48000 records processed.
48100 records processed.
48200 records processed.
48300 records processed.
48400 records processed.
48500 records processed.
48600 records processed.
48700 records processed.
48800 records processed.
48900 records processed.
49000 records processed.
49100 records processed.
49200 records processed.
49300 records processed.
49400 records processed.
49500 records processed.
49600 records processed.
49700 records processed.
49800 records processed.
49900 records processed.
50000 records processed.
50100 records processed.
50200 records processed.
50300 records processed.
50400 records processed.
50500 records processed.
50600 records processed.
50700 records processed.
50800 records processed.
50900 records processed.
51000 records processed.
51100 records processed.
51200 records processed.
51300 records processed.
51400 records processed.
51500 records processed.
51600 records processed.
51700 records processed.
51800 records processed.
51900 records processed.
52000 records processed.
52100 records processed.
52200 records processed.
52300 records processed.
52400 records processed.
52500 records processed.
52600 records processed.
52700 records processed.
52800 records processed.
52900 records processed.
53000 records processed.
53100 records processed.
53200 records processed.
53300 records processed.
53400 records processed.
53500 records processed.
53600 records processed.
53700 records processed.
53800 records processed.
53900 records processed.
54000 records processed.
54100 records processed.
54200 records processed.
54300 records processed.
54400 records processed.
54500 records processed.
54600 records processed.
54700 records processed.
54800 records processed.
54900 records processed.
55000 records processed.
55100 records processed.
55200 records processed.
55300 records processed.
55400 records processed.
55500 records processed.
55600 records processed.
55700 records processed.
55800 records processed.
55900 records processed.
56000 records processed.
56100 records processed.
56200 records processed.
56300 records processed.
56400 records processed.
56500 records processed.
56600 records processed.
56700 records processed.
56800 records processed.
56900 records processed.
57000 records processed.
57100 records processed.
57200 records processed.
57300 records processed.
57400 records processed.
57500 records processed.
57600 records processed.
57700 records processed.
57800 records processed.
57900 records processed.
58000 records processed.
58100 records processed.
58200 records processed.
58300 records processed.
58400 records processed.
58500 records processed.
58600 records processed.
58700 records processed.
58800 records processed.
58900 records processed.
59000 records processed.
59100 records processed.
59200 records processed.
59300 records processed.
59400 records processed.
59500 records processed.
59600 records processed.
59700 records processed.
59800 records processed.
59900 records processed.
60000 records processed.
60100 records processed.
60200 records processed.
60300 records processed.
60400 records processed.
60500 records processed.
60600 records processed.
60700 records processed.
60800 records processed.
60900 records processed.
61000 records processed.
61100 records processed.
61200 records processed.
61300 records processed.
61400 records processed.
61500 records processed.
61600 records processed.
61700 records processed.
61800 records processed.
61900 records processed.
62000 records processed.
62100 records processed.
62200 records processed.
62300 records processed.
62400 records processed.
62500 records processed.
62600 records processed.
62700 records processed.
62800 records processed.
62900 records processed.
63000 records processed.
63100 records processed.
63200 records processed.
63300 records processed.
63400 records processed.
63500 records processed.
63600 records processed.
63700 records processed.
63800 records processed.
63900 records processed.
64000 records processed.
64100 records processed.
64200 records processed.
64300 records processed.
64400 records processed.
64500 records processed.
64600 records processed.
64700 records processed.
64800 records processed.
64900 records processed.
65000 records processed.
65100 records processed.
65200 records processed.
65300 records processed.
65400 records processed.
65500 records processed.
65600 records processed.
65700 records processed.
65800 records processed.
65900 records processed.
66000 records processed.
66100 records processed.
66200 records processed.
66300 records processed.
66400 records processed.
66500 records processed.
66600 records processed.
66700 records processed.
66800 records processed.
66900 records processed.
67000 records processed.
67100 records processed.
67200 records processed.
67300 records processed.
67400 records processed.
67500 records processed.
67600 records processed.
67700 records processed.
67800 records processed.
67900 records processed.
68000 records processed.
68100 records processed.
68200 records processed.
68300 records processed.
68400 records processed.
68500 records processed.
68600 records processed.
68700 records processed.
68800 records processed.
68900 records processed.
69000 records processed.
69100 records processed.
69200 records processed.
69300 records processed.
69400 records processed.
69500 records processed.
69600 records processed.
69700 records processed.
69800 records processed.
69900 records processed.
70000 records processed.
70100 records processed.
70200 records processed.
70300 records processed.
70400 records processed.
70500 records processed.
70600 records processed.
70700 records processed.
70800 records processed.
70900 records processed.
71000 records processed.
71100 records processed.
71200 records processed.
71300 records processed.
71400 records processed.
71500 records processed.
71600 records processed.
71700 records processed.
71800 records processed.
71900 records processed.
72000 records processed.
72100 records processed.
72200 records processed.
72300 records processed.
72400 records processed.
72500 records processed.
72600 records processed.
72700 records processed.
72800 records processed.
72900 records processed.
73000 records processed.
73100 records processed.
73200 records processed.
73300 records processed.
73400 records processed.
73500 records processed.
73600 records processed.
73700 records processed.
73800 records processed.
73900 records processed.
74000 records processed.
74100 records processed.
74200 records processed.
74300 records processed.
74400 records processed.
74500 records processed.
74600 records processed.
74700 records processed.
74800 records processed.
74900 records processed.
75000 records processed.
75100 records processed.
75200 records processed.
75300 records processed.
75400 records processed.
75500 records processed.
75600 records processed.
75700 records processed.
75800 records processed.
75900 records processed.
76000 records processed.
76100 records processed.
76200 records processed.
76300 records processed.
76400 records processed.
76500 records processed.
76600 records processed.
76700 records processed.
76800 records processed.
76900 records processed.
77000 records processed.
77100 records processed.
77200 records processed.
77300 records processed.
77400 records processed.
77500 records processed.
77600 records processed.
77700 records processed.
77800 records processed.
77900 records processed.
78000 records processed.
78100 records processed.
78200 records processed.
78300 records processed.
78400 records processed.
78500 records processed.
78600 records processed.
78700 records processed.
78800 records processed.
78900 records processed.
79000 records processed.
79100 records processed.
79200 records processed.
79300 records processed.
79400 records processed.
79500 records processed.
79600 records processed.
79700 records processed.
79800 records processed.
79900 records processed.
80000 records processed.
80100 records processed.
80200 records processed.
80300 records processed.
80400 records processed.
80500 records processed.
80600 records processed.
80700 records processed.
80800 records processed.
80900 records processed.
81000 records processed.
81100 records processed.
81200 records processed.
81300 records processed.
81400 records processed.
81500 records processed.
81600 records processed.
81700 records processed.
81800 records processed.
81900 records processed.
82000 records processed.
82100 records processed.
82200 records processed.
82300 records processed.
82400 records processed.
82500 records processed.
82600 records processed.
82700 records processed.
82800 records processed.
82900 records processed.
83000 records processed.
83100 records processed.
83200 records processed.
83300 records processed.
83400 records processed.
83500 records processed.
83600 records processed.
83700 records processed.
83800 records processed.
83900 records processed.
84000 records processed.
84100 records processed.
84200 records processed.
84300 records processed.
84400 records processed.
84500 records processed.
84600 records processed.
84700 records processed.
84800 records processed.
84900 records processed.
85000 records processed.
85100 records processed.
85200 records processed.
85300 records processed.
85400 records processed.
85500 records processed.
85600 records processed.
85700 records processed.
85800 records processed.
85900 records processed.
86000 records processed.
86100 records processed.
86200 records processed.
86300 records processed.
86400 records processed.
86500 records processed.
86600 records processed.
86700 records processed.
86800 records processed.
86900 records processed.
87000 records processed.
87100 records processed.
87200 records processed.
87300 records processed.
87400 records processed.
87500 records processed.
87600 records processed.
87700 records processed.
87800 records processed.
87900 records processed.
88000 records processed.
88100 records processed.
88200 records processed.
88300 records processed.
88400 records processed.
88500 records processed.
88600 records processed.
88700 records processed.
88800 records processed.
88900 records processed.
89000 records processed.
89100 records processed.
89200 records processed.
89300 records processed.
89400 records processed.
89500 records processed.
89600 records processed.
89700 records processed.
89800 records processed.
89900 records processed.
90000 records processed.
90100 records processed.
90200 records processed.
90300 records processed.
90400 records processed.
90500 records processed.
90600 records processed.
90700 records processed.
90800 records processed.
90900 records processed.
91000 records processed.
91100 records processed.
91200 records processed.
91300 records processed.
91400 records processed.
91500 records processed.
91600 records processed.
91700 records processed.
91800 records processed.
91900 records processed.
92000 records processed.
92100 records processed.
92200 records processed.
92300 records processed.
92400 records processed.
92500 records processed.
92600 records processed.
92700 records processed.
92800 records processed.
92900 records processed.
93000 records processed.
93100 records processed.
93200 records processed.
93300 records processed.
93400 records processed.
93500 records processed.
93600 records processed.
93700 records processed.
93800 records processed.
93900 records processed.
94000 records processed.
94100 records processed.
94200 records processed.
94300 records processed.
94400 records processed.
94500 records processed.
94600 records processed.
94700 records processed.
94800 records processed.
94900 records processed.
95000 records processed.
95100 records processed.
95200 records processed.
95300 records processed.
95400 records processed.
95500 records processed.
95600 records processed.
95700 records processed.
95800 records processed.
95900 records processed.
96000 records processed.
96100 records processed.
96200 records processed.
96300 records processed.
96400 records processed.
96500 records processed.
96600 records processed.
96700 records processed.
96800 records processed.
96900 records processed.
97000 records processed.
97100 records processed.
97200 records processed.
97300 records processed.
97400 records processed.
97500 records processed.
97600 records processed.
97700 records processed.
97800 records processed.
97900 records processed.
98000 records processed.
98100 records processed.
98200 records processed.
98300 records processed.
98400 records processed.
98500 records processed.
98600 records processed.
98700 records processed.
98800 records processed.
98900 records processed.
99000 records processed.
99100 records processed.
99200 records processed.
99300 records processed.
99400 records processed.
99500 records processed.
99600 records processed.
99700 records processed.
99800 records processed.
99900 records processed.
100000 records processed.
100100 records processed.
100200 records processed.
100300 records processed.
100400 records processed.
100500 records processed.
100600 records processed.
100700 records processed.
100800 records processed.
100900 records processed.
101000 records processed.
101100 records processed.
101200 records processed.
101300 records processed.
101400 records processed.
101500 records processed.
101600 records processed.
101700 records processed.
101800 records processed.
101900 records processed.
102000 records processed.
102100 records processed.
102200 records processed.
102300 records processed.
102400 records processed.
102500 records processed.
102600 records processed.
102700 records processed.
102800 records processed.
102900 records processed.
103000 records processed.
103100 records processed.
103200 records processed.
103300 records processed.
103400 records processed.
103500 records processed.
103600 records processed.
103700 records processed.
103800 records processed.
103900 records processed.
104000 records processed.
104100 records processed.
104200 records processed.
104300 records processed.
104400 records processed.
104500 records processed.
104600 records processed.
104700 records processed.
104800 records processed.
104900 records processed.
105000 records processed.
105100 records processed.
105200 records processed.
105300 records processed.
105400 records processed.
105500 records processed.
105600 records processed.
105700 records processed.
105800 records processed.
105900 records processed.
106000 records processed.
106100 records processed.
106200 records processed.
106300 records processed.
106400 records processed.
106500 records processed.
106600 records processed.
106700 records processed.
106800 records processed.
106900 records processed.
107000 records processed.
107100 records processed.
107200 records processed.
107300 records processed.
107400 records processed.
107500 records processed.
107600 records processed.
107700 records processed.
107800 records processed.
107900 records processed.
108000 records processed.
108100 records processed.
108200 records processed.
108300 records processed.
108400 records processed.
108500 records processed.
108600 records processed.
108700 records processed.
108800 records processed.
108900 records processed.
109000 records processed.
109100 records processed.
109200 records processed.
109300 records processed.
109400 records processed.
109500 records processed.
109600 records processed.
109700 records processed.
109800 records processed.
109900 records processed.
110000 records processed.
110100 records processed.
110200 records processed.
110300 records processed.
110400 records processed.
110500 records processed.
110600 records processed.
110700 records processed.
110800 records processed.
110900 records processed.
111000 records processed.
111100 records processed.
111200 records processed.
111300 records processed.
111400 records processed.
111500 records processed.
111600 records processed.
111700 records processed.
111800 records processed.
111900 records processed.
112000 records processed.
112100 records processed.
112200 records processed.
112300 records processed.
112400 records processed.
112500 records processed.
112600 records processed.
112700 records processed.
112800 records processed.
112900 records processed.
113000 records processed.
113100 records processed.
113200 records processed.
113300 records processed.
113400 records processed.
113500 records processed.
113600 records processed.
113700 records processed.
113800 records processed.
113900 records processed.
114000 records processed.
114100 records processed.
114200 records processed.
114300 records processed.
114400 records processed.
114500 records processed.
114600 records processed.
114700 records processed.
114800 records processed.
114900 records processed.
115000 records processed.
115100 records processed.
115200 records processed.
115300 records processed.
115400 records processed.
115500 records processed.
115600 records processed.
115700 records processed.
115800 records processed.
115900 records processed.
116000 records processed.
116100 records processed.
116200 records processed.
116300 records processed.
116400 records processed.
116500 records processed.
116600 records processed.
116700 records processed.
116800 records processed.
116900 records processed.
117000 records processed.
117100 records processed.
117200 records processed.
117300 records processed.
117400 records processed.
117500 records processed.
117600 records processed.
117700 records processed.
117800 records processed.
117900 records processed.
118000 records processed.
118100 records processed.
118200 records processed.
118300 records processed.
118400 records processed.
118500 records processed.
118600 records processed.
118700 records processed.
118800 records processed.
118900 records processed.
119000 records processed.
119100 records processed.
119200 records processed.
119300 records processed.
119400 records processed.
119500 records processed.
119600 records processed.
119700 records processed.
119800 records processed.
119900 records processed.
120000 records processed.
120100 records processed.
120200 records processed.
120300 records processed.
120400 records processed.
120500 records processed.
120600 records processed.
120700 records processed.
120800 records processed.
120900 records processed.
121000 records processed.
121100 records processed.
121200 records processed.
121300 records processed.
121400 records processed.
121500 records processed.
121600 records processed.
121700 records processed.
121800 records processed.
121900 records processed.
122000 records processed.
122100 records processed.
122200 records processed.
122300 records processed.
122400 records processed.
122500 records processed.
122600 records processed.
122700 records processed.
122800 records processed.
122900 records processed.
123000 records processed.
123100 records processed.
123200 records processed.
123300 records processed.
123400 records processed.
123500 records processed.
123600 records processed.
123700 records processed.
123800 records processed.
123900 records processed.
124000 records processed.
124100 records processed.
124200 records processed.
124300 records processed.
124400 records processed.
124500 records processed.
124600 records processed.
124700 records processed.
124800 records processed.
124900 records processed.
125000 records processed.
125100 records processed.
125200 records processed.
125300 records processed.
125400 records processed.
125500 records processed.
125600 records processed.
125700 records processed.
125800 records processed.
125900 records processed.
126000 records processed.
126100 records processed.
126200 records processed.
126300 records processed.
126400 records processed.
126500 records processed.
126600 records processed.
126700 records processed.
126800 records processed.
126900 records processed.
127000 records processed.
127100 records processed.
127200 records processed.
127300 records processed.
127400 records processed.
127500 records processed.
127600 records processed.
127700 records processed.
127800 records processed.
127900 records processed.
128000 records processed.
128100 records processed.
128200 records processed.
128300 records processed.
128400 records processed.
128500 records processed.
128600 records processed.
128700 records processed.
128800 records processed.
128900 records processed.
129000 records processed.
129100 records processed.
129200 records processed.
129300 records processed.
129400 records processed.
129500 records processed.
129600 records processed.
129700 records processed.
129800 records processed.
129900 records processed.
130000 records processed.
130100 records processed.
130200 records processed.
130300 records processed.
130400 records processed.
130500 records processed.
130600 records processed.
130700 records processed.
130800 records processed.
130900 records processed.
131000 records processed.
131100 records processed.
131200 records processed.
131300 records processed.
131400 records processed.
131500 records processed.
131600 records processed.
131700 records processed.
131800 records processed.
131900 records processed.
132000 records processed.
132100 records processed.
132200 records processed.
132300 records processed.
132400 records processed.
132500 records processed.
132600 records processed.
132700 records processed.
132800 records processed.
132900 records processed.
133000 records processed.
133100 records processed.
133200 records processed.
133300 records processed.
133400 records processed.
133500 records processed.
133600 records processed.
133700 records processed.
133800 records processed.
133900 records processed.
134000 records processed.
134100 records processed.
134200 records processed.
134300 records processed.
134400 records processed.
134500 records processed.
134600 records processed.
134700 records processed.
134800 records processed.
134900 records processed.
135000 records processed.
135100 records processed.
135200 records processed.
135300 records processed.
135400 records processed.
135500 records processed.
135600 records processed.
135700 records processed.
135800 records processed.
135900 records processed.
136000 records processed.
136100 records processed.
136200 records processed.
136300 records processed.
136400 records processed.
136500 records processed.
136600 records processed.
136700 records processed.
136800 records processed.
136900 records processed.
137000 records processed.
137100 records processed.
137200 records processed.
137300 records processed.
137400 records processed.
137500 records processed.
137600 records processed.
137700 records processed.
137800 records processed.
137900 records processed.
138000 records processed.
138100 records processed.
138200 records processed.
138300 records processed.
138400 records processed.
138500 records processed.
138600 records processed.
138700 records processed.
138800 records processed.
138900 records processed.
139000 records processed.
139100 records processed.
139200 records processed.
139300 records processed.
139400 records processed.
139500 records processed.
139600 records processed.
139700 records processed.
139800 records processed.
139900 records processed.
140000 records processed.
140100 records processed.
140200 records processed.
140300 records processed.
140400 records processed.
140500 records processed.
140600 records processed.
140700 records processed.
140800 records processed.
140900 records processed.
141000 records processed.
141100 records processed.
141200 records processed.
141300 records processed.
141400 records processed.
141500 records processed.
141600 records processed.
141700 records processed.
141800 records processed.
141900 records processed.
142000 records processed.
142100 records processed.
142200 records processed.
142300 records processed.
142400 records processed.
142500 records processed.
142600 records processed.
142700 records processed.
142800 records processed.
142900 records processed.
143000 records processed.
143100 records processed.
143200 records processed.
143300 records processed.
143400 records processed.
143500 records processed.
143600 records processed.
143700 records processed.
143800 records processed.
143900 records processed.
144000 records processed.
144100 records processed.
144200 records processed.
144300 records processed.
144400 records processed.
144500 records processed.
144600 records processed.
144700 records processed.
144800 records processed.
144900 records processed.
145000 records processed.
145100 records processed.
145200 records processed.
145300 records processed.
145400 records processed.
145500 records processed.
145600 records processed.
145700 records processed.
145800 records processed.
145900 records processed.
146000 records processed.
146100 records processed.
146200 records processed.
146300 records processed.
146400 records processed.
146500 records processed.
146600 records processed.
146700 records processed.
146800 records processed.
146900 records processed.
147000 records processed.
147100 records processed.
147200 records processed.
147300 records processed.
147400 records processed.
147500 records processed.
147600 records processed.
147700 records processed.
147800 records processed.
147900 records processed.
148000 records processed.
148100 records processed.
148200 records processed.
148300 records processed.
148400 records processed.
148500 records processed.
148600 records processed.
148700 records processed.
148800 records processed.
148900 records processed.
149000 records processed.
149100 records processed.
149200 records processed.
149300 records processed.
149400 records processed.
149500 records processed.
149600 records processed.
149700 records processed.
149800 records processed.
149900 records processed.
150000 records processed.
150100 records processed.
150200 records processed.
150300 records processed.
150400 records processed.
150500 records processed.
150600 records processed.
150700 records processed.
150800 records processed.
150900 records processed.
151000 records processed.
151100 records processed.
151200 records processed.
151300 records processed.
151400 records processed.
151500 records processed.
151600 records processed.
151700 records processed.
151800 records processed.
151900 records processed.
152000 records processed.
152100 records processed.
152200 records processed.
152300 records processed.
152400 records processed.
152500 records processed.
152600 records processed.
152700 records processed.
152800 records processed.
152900 records processed.
153000 records processed.
153100 records processed.
153200 records processed.
153300 records processed.
153400 records processed.
153500 records processed.
153600 records processed.
153700 records processed.
153800 records processed.
153900 records processed.
154000 records processed.
154100 records processed.
154200 records processed.
154300 records processed.
154400 records processed.
154500 records processed.
154600 records processed.
154700 records processed.
154800 records processed.
154900 records processed.
155000 records processed.
155100 records processed.
155200 records processed.
155300 records processed.
155400 records processed.
155500 records processed.
155600 records processed.
155700 records processed.
155800 records processed.
155900 records processed.
156000 records processed.
156100 records processed.
156200 records processed.
156300 records processed.
156400 records processed.
156500 records processed.
156600 records processed.
156700 records processed.
156800 records processed.
156900 records processed.
157000 records processed.
157100 records processed.
157200 records processed.
157300 records processed.
157400 records processed.
157500 records processed.
157600 records processed.
157700 records processed.
157800 records processed.
157900 records processed.
158000 records processed.
158100 records processed.
158200 records processed.
158300 records processed.
158400 records processed.
158500 records processed.
158600 records processed.
158700 records processed.
158800 records processed.
158900 records processed.
159000 records processed.
159100 records processed.
159200 records processed.
159300 records processed.
159400 records processed.
159500 records processed.
159600 records processed.
159700 records processed.
159800 records processed.
159900 records processed.
160000 records processed.
160100 records processed.
160200 records processed.
160300 records processed.
160400 records processed.
160500 records processed.
160600 records processed.
160700 records processed.
160800 records processed.
160900 records processed.
161000 records processed.
161100 records processed.
161200 records processed.
161300 records processed.
161400 records processed.
161500 records processed.
161600 records processed.
161700 records processed.
161800 records processed.
161900 records processed.
162000 records processed.
162100 records processed.
162200 records processed.
162300 records processed.
162400 records processed.
162500 records processed.
162600 records processed.
162700 records processed.
162800 records processed.
162900 records processed.
163000 records processed.
163100 records processed.
163200 records processed.
163300 records processed.
163400 records processed.
163500 records processed.
163600 records processed.
163700 records processed.
163800 records processed.
163900 records processed.
164000 records processed.
164100 records processed.
164200 records processed.
164300 records processed.
164400 records processed.
164500 records processed.
164600 records processed.
164700 records processed.
164800 records processed.
164900 records processed.
165000 records processed.
165100 records processed.
165200 records processed.
165300 records processed.
165400 records processed.
165500 records processed.
165600 records processed.
165700 records processed.
165800 records processed.
165900 records processed.
166000 records processed.
166100 records processed.
166200 records processed.
166300 records processed.
166400 records processed.
166500 records processed.
166600 records processed.
166700 records processed.
166800 records processed.
166900 records processed.
167000 records processed.
167100 records processed.
167200 records processed.
167300 records processed.
167400 records processed.
167500 records processed.
167600 records processed.
167700 records processed.
167800 records processed.
167900 records processed.
168000 records processed.
168100 records processed.
168200 records processed.
168300 records processed.
168400 records processed.
168500 records processed.
168600 records processed.
168700 records processed.
168800 records processed.
168900 records processed.
169000 records processed.
169100 records processed.
169200 records processed.
169300 records processed.
169400 records processed.
169500 records processed.
169600 records processed.
169700 records processed.
169800 records processed.
169900 records processed.
170000 records processed.
170100 records processed.
170200 records processed.
170300 records processed.
170400 records processed.
170500 records processed.
170600 records processed.
170700 records processed.
170800 records processed.
170900 records processed.
171000 records processed.
171100 records processed.
171200 records processed.
171300 records processed.
171400 records processed.
171500 records processed.
171600 records processed.
171700 records processed.
171800 records processed.
171900 records processed.
172000 records processed.
172100 records processed.
172200 records processed.
172300 records processed.
172400 records processed.
172500 records processed.
172600 records processed.
172700 records processed.
172800 records processed.
172900 records processed.
173000 records processed.
173100 records processed.
173200 records processed.
173300 records processed.
173400 records processed.
173500 records processed.
173600 records processed.
173700 records processed.
173800 records processed.
173900 records processed.
174000 records processed.
174100 records processed.
174200 records processed.
174300 records processed.
174400 records processed.
174500 records processed.
174600 records processed.
174700 records processed.
174800 records processed.
174900 records processed.
175000 records processed.
175100 records processed.
175200 records processed.
175300 records processed.
175400 records processed.
175500 records processed.
175600 records processed.
175700 records processed.
175800 records processed.
175900 records processed.
176000 records processed.
176100 records processed.
176200 records processed.
176300 records processed.
176400 records processed.
176500 records processed.
176600 records processed.
176700 records processed.
176800 records processed.
176900 records processed.
177000 records processed.
177100 records processed.
177200 records processed.
177300 records processed.
177400 records processed.
177500 records processed.
177600 records processed.
177700 records processed.
177800 records processed.
177900 records processed.
178000 records processed.
178100 records processed.
178200 records processed.
178300 records processed.
178400 records processed.
178500 records processed.
178600 records processed.
178700 records processed.
178800 records processed.
178900 records processed.
179000 records processed.
179100 records processed.
179200 records processed.
179300 records processed.
179400 records processed.
179500 records processed.
179600 records processed.
179700 records processed.
179800 records processed.
179900 records processed.
180000 records processed.
180100 records processed.
180200 records processed.
180300 records processed.
180400 records processed.
180500 records processed.
180600 records processed.
180700 records processed.
180800 records processed.
180900 records processed.
181000 records processed.
181100 records processed.
181200 records processed.
181300 records processed.
181400 records processed.
181500 records processed.
181600 records processed.
181700 records processed.
181800 records processed.
181900 records processed.
182000 records processed.
182100 records processed.
182200 records processed.
182300 records processed.
182400 records processed.
182500 records processed.
182600 records processed.
182700 records processed.
182800 records processed.
182900 records processed.
183000 records processed.
183100 records processed.
183200 records processed.
183300 records processed.
183400 records processed.
183500 records processed.
183600 records processed.
183700 records processed.
183800 records processed.
183900 records processed.
184000 records processed.
184100 records processed.
184200 records processed.
184300 records processed.
184400 records processed.
184500 records processed.
184600 records processed.
184700 records processed.
184800 records processed.
184900 records processed.
185000 records processed.
185100 records processed.
185200 records processed.
185300 records processed.
185400 records processed.
185500 records processed.
185600 records processed.
185700 records processed.
185800 records processed.
185900 records processed.
186000 records processed.
186100 records processed.
186200 records processed.
186300 records processed.
186400 records processed.
186500 records processed.
186600 records processed.
186700 records processed.
186800 records processed.
186900 records processed.
187000 records processed.
187100 records processed.
187200 records processed.
187300 records processed.
187400 records processed.
187500 records processed.
187600 records processed.
187700 records processed.
187800 records processed.
187900 records processed.
188000 records processed.
188100 records processed.
188200 records processed.
188300 records processed.
188400 records processed.
188500 records processed.
188600 records processed.
188700 records processed.
188800 records processed.
188900 records processed.
189000 records processed.
189100 records processed.
189200 records processed.
189300 records processed.
189400 records processed.
189500 records processed.
189600 records processed.
189700 records processed.
189800 records processed.
189900 records processed.
190000 records processed.
190100 records processed.
190200 records processed.
190300 records processed.
190400 records processed.
190500 records processed.
190600 records processed.
190700 records processed.
190800 records processed.
190900 records processed.
191000 records processed.
191100 records processed.
191200 records processed.
191300 records processed.
191400 records processed.
191500 records processed.
191600 records processed.
191700 records processed.
191800 records processed.
191900 records processed.
192000 records processed.
192100 records processed.
192200 records processed.
192300 records processed.
192400 records processed.
192500 records processed.
192600 records processed.
192700 records processed.
192800 records processed.
192900 records processed.
193000 records processed.
193100 records processed.
193200 records processed.
193300 records processed.
193400 records processed.
193500 records processed.
193600 records processed.
193700 records processed.
193800 records processed.
193900 records processed.
194000 records processed.
194100 records processed.
194200 records processed.
194300 records processed.
194400 records processed.
194500 records processed.
194600 records processed.
194700 records processed.
194800 records processed.
194900 records processed.
195000 records processed.
195100 records processed.
195200 records processed.
195300 records processed.
195400 records processed.
195500 records processed.
195600 records processed.
195700 records processed.
195800 records processed.
195900 records processed.
196000 records processed.
196100 records processed.
196200 records processed.
196300 records processed.
196400 records processed.
196500 records processed.
196600 records processed.
196700 records processed.
196800 records processed.
196900 records processed.
197000 records processed.
197100 records processed.
197200 records processed.
197300 records processed.
197400 records processed.
197500 records processed.
197600 records processed.
197700 records processed.
197800 records processed.
197900 records processed.
198000 records processed.
198100 records processed.
198200 records processed.
198300 records processed.
198400 records processed.
198500 records processed.
198600 records processed.
198700 records processed.
198800 records processed.
198900 records processed.
199000 records processed.
199100 records processed.
199200 records processed.
199300 records processed.
199400 records processed.
199500 records processed.
199600 records processed.
199700 records processed.
199800 records processed.
199900 records processed.
200000 records processed.
200100 records processed.
200200 records processed.
200300 records processed.
200400 records processed.
200500 records processed.
200600 records processed.
200700 records processed.
200800 records processed.
200900 records processed.
201000 records processed.
201100 records processed.
201200 records processed.
201300 records processed.
201400 records processed.
201500 records processed.
201600 records processed.
201700 records processed.
201800 records processed.
201900 records processed.
202000 records processed.
202100 records processed.
202200 records processed.
202300 records processed.
202400 records processed.
202500 records processed.
202600 records processed.
202700 records processed.
202800 records processed.
202900 records processed.
203000 records processed.
203100 records processed.
203200 records processed.
203300 records processed.
203400 records processed.
203500 records processed.
203600 records processed.
203700 records processed.
203800 records processed.
203900 records processed.
204000 records processed.
204100 records processed.
204200 records processed.
204300 records processed.
204400 records processed.
204500 records processed.
204600 records processed.
204700 records processed.
204800 records processed.
204900 records processed.
205000 records processed.
205100 records processed.
205200 records processed.
205300 records processed.
205400 records processed.
205500 records processed.
205600 records processed.
205700 records processed.
205800 records processed.
205900 records processed.
206000 records processed.
206100 records processed.
206200 records processed.
206300 records processed.
206400 records processed.
206500 records processed.
206600 records processed.
206700 records processed.
206800 records processed.
206900 records processed.
207000 records processed.
207100 records processed.
207200 records processed.
207300 records processed.
207400 records processed.
207500 records processed.
207600 records processed.
207700 records processed.
207800 records processed.
207900 records processed.
208000 records processed.
208100 records processed.
208200 records processed.
208300 records processed.
208400 records processed.
208500 records processed.
208600 records processed.
208700 records processed.
208800 records processed.
208900 records processed.
209000 records processed.
209100 records processed.
209200 records processed.
209300 records processed.
209400 records processed.
209500 records processed.
209600 records processed.
209700 records processed.
209800 records processed.
209900 records processed.
210000 records processed.
210100 records processed.
210200 records processed.
210300 records processed.
210400 records processed.
210500 records processed.
210600 records processed.
210700 records processed.
210800 records processed.
210900 records processed.
211000 records processed.
211100 records processed.
211200 records processed.
211300 records processed.
211400 records processed.
211500 records processed.
211600 records processed.
211700 records processed.
211800 records processed.
211900 records processed.
212000 records processed.
212100 records processed.
212200 records processed.
212300 records processed.
212400 records processed.
212500 records processed.
212600 records processed.
212700 records processed.
212800 records processed.
212900 records processed.
213000 records processed.
213100 records processed.
213200 records processed.
213300 records processed.
213400 records processed.
213500 records processed.
213600 records processed.
213700 records processed.
213800 records processed.
213900 records processed.
214000 records processed.
214100 records processed.
214200 records processed.
214300 records processed.
214400 records processed.
214500 records processed.
214600 records processed.
214700 records processed.
214800 records processed.
214900 records processed.
215000 records processed.
215100 records processed.
215200 records processed.
215300 records processed.
215400 records processed.
215500 records processed.
215600 records processed.
215700 records processed.
215800 records processed.
215900 records processed.
216000 records processed.
216100 records processed.
216200 records processed.
216300 records processed.
216400 records processed.
216500 records processed.
216600 records processed.
216700 records processed.
216800 records processed.
216900 records processed.
217000 records processed.
217100 records processed.
217200 records processed.
217300 records processed.
217400 records processed.
217500 records processed.
217600 records processed.
217700 records processed.
217800 records processed.
217900 records processed.
218000 records processed.
218100 records processed.
218200 records processed.
218300 records processed.
218400 records processed.
218500 records processed.
218600 records processed.
218700 records processed.
218800 records processed.
218900 records processed.
219000 records processed.
219100 records processed.
219200 records processed.
219300 records processed.
219400 records processed.
219500 records processed.
219600 records processed.
219700 records processed.
219800 records processed.
219900 records processed.
220000 records processed.
220100 records processed.
220200 records processed.
220300 records processed.
220400 records processed.
220500 records processed.
220600 records processed.
220700 records processed.
220800 records processed.
220900 records processed.
221000 records processed.
221100 records processed.
221200 records processed.
221300 records processed.
221400 records processed.
221500 records processed.
221600 records processed.
221700 records processed.
221800 records processed.
221900 records processed.
222000 records processed.
222100 records processed.
222200 records processed.
222300 records processed.
222400 records processed.
222500 records processed.
222600 records processed.
222700 records processed.
222800 records processed.
222900 records processed.
223000 records processed.
223100 records processed.
223200 records processed.
223300 records processed.
223400 records processed.
223500 records processed.
223600 records processed.
223700 records processed.
223800 records processed.
223900 records processed.
224000 records processed.
224100 records processed.
224200 records processed.
224300 records processed.
224400 records processed.
224500 records processed.
224600 records processed.
224700 records processed.
224800 records processed.
224900 records processed.
225000 records processed.
225100 records processed.
225200 records processed.
225300 records processed.
225400 records processed.
225500 records processed.
225600 records processed.
225700 records processed.
225800 records processed.
225900 records processed.
226000 records processed.
226100 records processed.
226200 records processed.
226300 records processed.
226400 records processed.
226500 records processed.
226600 records processed.
226700 records processed.
226800 records processed.
226900 records processed.
227000 records processed.
227100 records processed.
227200 records processed.
227300 records processed.
227400 records processed.
227500 records processed.
227600 records processed.
227700 records processed.
227800 records processed.
227900 records processed.
228000 records processed.
228100 records processed.
228200 records processed.
228300 records processed.
228400 records processed.
228500 records processed.
228600 records processed.
228700 records processed.
228800 records processed.
228900 records processed.
229000 records processed.
229100 records processed.
229200 records processed.
229300 records processed.
229400 records processed.
229500 records processed.
229600 records processed.
229700 records processed.
229800 records processed.
229900 records processed.
230000 records processed.
230100 records processed.
230200 records processed.
230300 records processed.
230400 records processed.
230500 records processed.
230600 records processed.
230700 records processed.
230800 records processed.
230900 records processed.
231000 records processed.
231100 records processed.
231200 records processed.
231300 records processed.
231400 records processed.
231500 records processed.
231600 records processed.
231700 records processed.
231800 records processed.
231900 records processed.
232000 records processed.
232100 records processed.
232200 records processed.
232300 records processed.
232400 records processed.
232500 records processed.
232600 records processed.
232700 records processed.
232800 records processed.
232900 records processed.
233000 records processed.
233100 records processed.
233200 records processed.
233300 records processed.
233400 records processed.
233500 records processed.
233600 records processed.
233700 records processed.
233800 records processed.
233900 records processed.
234000 records processed.
234100 records processed.
234200 records processed.
234300 records processed.
234400 records processed.
234500 records processed.
234600 records processed.
234700 records processed.
234800 records processed.
234900 records processed.
235000 records processed.
235100 records processed.
235200 records processed.
235300 records processed.
235400 records processed.
235500 records processed.
235600 records processed.
235700 records processed.
235800 records processed.
235900 records processed.
236000 records processed.
236100 records processed.
236200 records processed.
236300 records processed.
236400 records processed.
236500 records processed.
236600 records processed.
236700 records processed.
236800 records processed.
236900 records processed.
237000 records processed.
237100 records processed.
237200 records processed.
237300 records processed.
237400 records processed.
237500 records processed.
237600 records processed.
237700 records processed.
237800 records processed.
237900 records processed.
238000 records processed.
238100 records processed.
238200 records processed.
238300 records processed.
238400 records processed.
238500 records processed.
238600 records processed.
238700 records processed.
238800 records processed.
238900 records processed.
239000 records processed.
239100 records processed.
239200 records processed.
239300 records processed.
239400 records processed.
239500 records processed.
239600 records processed.
239700 records processed.
239800 records processed.
239900 records processed.
240000 records processed.
240100 records processed.
240200 records processed.
240300 records processed.
240400 records processed.
240500 records processed.
240600 records processed.
240700 records processed.
240800 records processed.
240900 records processed.
241000 records processed.
241100 records processed.
241200 records processed.
241300 records processed.
241400 records processed.
241500 records processed.
241600 records processed.
241700 records processed.
241800 records processed.
241900 records processed.
242000 records processed.
242100 records processed.
242200 records processed.
242300 records processed.
242400 records processed.
242500 records processed.
242600 records processed.
242700 records processed.
242800 records processed.
242900 records processed.
243000 records processed.
243100 records processed.
243200 records processed.
243300 records processed.
243400 records processed.
243500 records processed.
243600 records processed.
243700 records processed.
243800 records processed.
243900 records processed.
244000 records processed.
244100 records processed.
244200 records processed.
244300 records processed.
244400 records processed.
244500 records processed.
244600 records processed.
244700 records processed.
244800 records processed.
244900 records processed.
245000 records processed.
245100 records processed.
245200 records processed.
245300 records processed.
245400 records processed.
245500 records processed.
245600 records processed.
245700 records processed.
245800 records processed.
245900 records processed.
246000 records processed.
246100 records processed.
246200 records processed.
246300 records processed.
246400 records processed.
246500 records processed.
246600 records processed.
246700 records processed.
246800 records processed.
246900 records processed.
247000 records processed.
247100 records processed.
247200 records processed.
247300 records processed.
247400 records processed.
247500 records processed.
247600 records processed.
247700 records processed.
247800 records processed.
247900 records processed.
248000 records processed.
248100 records processed.
248200 records processed.
248300 records processed.
248400 records processed.
248500 records processed.
248600 records processed.
248700 records processed.
248800 records processed.
248900 records processed.
249000 records processed.
249100 records processed.
249200 records processed.
249300 records processed.
249400 records processed.
249500 records processed.
249600 records processed.
249700 records processed.
249800 records processed.
249900 records processed.
