[2021-Aug-13 13:10:00] delly call -g resources/genome.fasta -o results/candidate_calls/delly/NA12878.bwa.delly.bcf results/recal/NA12878.bwa.sorted.bam 
[2021-Aug-13 13:10:03] Paired-end and split-read scanning

0%   10   20   30   40   50   60   70   80   90   100%
|----|----|----|----|----|----|----|----|----|----|
***************************************************
[2021-Aug-13 13:22:37] Split-read clustering

0%   10   20   30   40   50   60   70   80   90   100%
|----|----|----|----|----|----|----|----|----|----|
***************************************************
[2021-Aug-13 13:22:43] Paired-end clustering

0%   10   20   30   40   50   60   70   80   90   100%
|----|----|----|----|----|----|----|----|----|----|
***************************************************
[2021-Aug-13 13:22:47] Split-read assembly

0%   10   20   30   40   50   60   70   80   90   100%
|----|----|----|----|----|----|----|----|----|----|
***************************************************
[2021-Aug-13 13:38:13] Generate REF and ALT probes

0%   10   20   30   40   50   60   70   80   90   100%
|----|----|----|----|----|----|----|----|----|----|
***************************************************
[2021-Aug-13 13:38:34] SV annotation

0%   10   20   30   40   50   60   70   80   90   100%
|----|----|----|----|----|----|----|----|----|----|
***************************************************
[2021-Aug-13 17:52:37] Genotyping

0%   10   20   30   40   50   60   70   80   90   100%
|----|----|----|----|----|----|----|----|----|----|
***************************************************
[2021-Aug-13 17:52:41] Sample statistics
Sample:NA12878,ReadSize=151,Median=450,MAD=132,UniqueDiscordantPairs=747276
[2021-Aug-13 17:52:41] Done.
