[2021-Aug-13 22:49:31] delly call -g resources/genome.fasta -o results/candidate_calls/delly/NA12878.novoalign.delly.bcf results/recal/NA12878.novoalign.sorted.bam 
[2021-Aug-13 22:49:34] Paired-end and split-read scanning

0%   10   20   30   40   50   60   70   80   90   100%
|----|----|----|----|----|----|----|----|----|----|
***************************************************
[2021-Aug-13 23:01:52] Split-read clustering

0%   10   20   30   40   50   60   70   80   90   100%
|----|----|----|----|----|----|----|----|----|----|
***************************************************
[2021-Aug-13 23:01:54] Paired-end clustering

0%   10   20   30   40   50   60   70   80   90   100%
|----|----|----|----|----|----|----|----|----|----|
***************************************************
[2021-Aug-13 23:02:29] Split-read assembly

0%   10   20   30   40   50   60   70   80   90   100%
|----|----|----|----|----|----|----|----|----|----|
***************************************************
[2021-Aug-13 23:20:24] Generate REF and ALT probes

0%   10   20   30   40   50   60   70   80   90   100%
|----|----|----|----|----|----|----|----|----|----|
***************************************************
[2021-Aug-13 23:21:11] SV annotation

0%   10   20   30   40   50   60   70   80   90   100%
|----|----|----|----|----|----|----|----|----|----|
***************************************************
[2021-Aug-14 03:15:54] Genotyping

0%   10   20   30   40   50   60   70   80   90   100%
|----|----|----|----|----|----|----|----|----|----|
***************************************************
[2021-Aug-14 03:15:57] Sample statistics
Sample:NA12878,ReadSize=151,Median=439,MAD=134,UniqueDiscordantPairs=4455935
[2021-Aug-14 03:15:57] Done.
